Build started 11/26/2015 5:04:13 PM.
     1>Project "H:\VIRUS.EXE(SC)\Physics(Y2S1)\Physics Assignment\TammieTanShuFen_141327J_PhysicsAssignment1\DM2212_Framework\Base\Base.vcxproj" on node 2 (Rebuild target(s)).
     1>ClCompile:
         C:\Program Files (x86)\Microsoft Visual Studio 12.0\VC\bin\CL.exe /c /I"H:\VIRUS.EXE(SC)\Physics(Y2S1)\Physics Assignment\TammieTanShuFen_141327J_PhysicsAssignment1\DM2212_Framework\/Common/Source" /I"H:\VIRUS.EXE(SC)\Physics(Y2S1)\Physics Assignment\TammieTanShuFen_141327J_PhysicsAssignment1\DM2212_Framework\/glew/include" /I"H:\VIRUS.EXE(SC)\Physics(Y2S1)\Physics Assignment\TammieTanShuFen_141327J_PhysicsAssignment1\DM2212_Framework\/glfw/include" /ZI /nologo /W3 /WX- /Od /Oy- /D _VARIADIC_MAX=10 /D WIN32 /D _DEBUG /D _CONSOLE /D _UNICODE /D UNICODE /Gm /EHsc /RTC1 /MDd /GS /fp:precise /Zc:wchar_t /Zc:forScope /Fo"Debug\\" /Fd"Debug\vc120.pdb" /Gd /TP /analyze- /errorReport:prompt Source\Application.cpp Source\Camera.cpp Source\GameObject.cpp Source\LoadOBJ.cpp Source\LoadTGA.cpp Source\main.cpp Source\Mesh.cpp Source\MeshBuilder.cpp Source\SceneAsteroid.cpp Source\SceneBase.cpp Source\shader.cpp Source\Utility.cpp
         Utility.cpp
         shader.cpp
         SceneBase.cpp
         SceneAsteroid.cpp
     1>h:\virus.exe(sc)\physics(y2s1)\physics assignment\tammietanshufen_141327j_physicsassignment1\dm2212_framework\base\source\sceneasteroid.cpp(147): warning C4244: 'argument' : conversion from 'int' to 'float', possible loss of data
     1>h:\virus.exe(sc)\physics(y2s1)\physics assignment\tammietanshufen_141327j_physicsassignment1\dm2212_framework\base\source\sceneasteroid.cpp(150): warning C4244: 'argument' : conversion from 'int' to 'float', possible loss of data
     1>h:\virus.exe(sc)\physics(y2s1)\physics assignment\tammietanshufen_141327j_physicsassignment1\dm2212_framework\base\source\sceneasteroid.cpp(152): warning C4244: 'argument' : conversion from 'int' to 'float', possible loss of data
     1>h:\virus.exe(sc)\physics(y2s1)\physics assignment\tammietanshufen_141327j_physicsassignment1\dm2212_framework\base\source\sceneasteroid.cpp(164): warning C4244: 'argument' : conversion from 'int' to 'float', possible loss of data
     1>h:\virus.exe(sc)\physics(y2s1)\physics assignment\tammietanshufen_141327j_physicsassignment1\dm2212_framework\base\source\sceneasteroid.cpp(167): warning C4244: 'argument' : conversion from 'int' to 'float', possible loss of data
     1>h:\virus.exe(sc)\physics(y2s1)\physics assignment\tammietanshufen_141327j_physicsassignment1\dm2212_framework\base\source\sceneasteroid.cpp(169): warning C4244: 'argument' : conversion from 'int' to 'float', possible loss of data
     1>h:\virus.exe(sc)\physics(y2s1)\physics assignment\tammietanshufen_141327j_physicsassignment1\dm2212_framework\base\source\sceneasteroid.cpp(177): warning C4244: 'argument' : conversion from 'int' to 'float', possible loss of data
     1>h:\virus.exe(sc)\physics(y2s1)\physics assignment\tammietanshufen_141327j_physicsassignment1\dm2212_framework\base\source\sceneasteroid.cpp(180): warning C4244: 'argument' : conversion from 'int' to 'float', possible loss of data
     1>h:\virus.exe(sc)\physics(y2s1)\physics assignment\tammietanshufen_141327j_physicsassignment1\dm2212_framework\base\source\sceneasteroid.cpp(182): warning C4244: 'argument' : conversion from 'int' to 'float', possible loss of data
     1>h:\virus.exe(sc)\physics(y2s1)\physics assignment\tammietanshufen_141327j_physicsassignment1\dm2212_framework\base\source\sceneasteroid.cpp(194): warning C4244: 'argument' : conversion from 'int' to 'float', possible loss of data
     1>h:\virus.exe(sc)\physics(y2s1)\physics assignment\tammietanshufen_141327j_physicsassignment1\dm2212_framework\base\source\sceneasteroid.cpp(197): warning C4244: 'argument' : conversion from 'int' to 'float', possible loss of data
     1>h:\virus.exe(sc)\physics(y2s1)\physics assignment\tammietanshufen_141327j_physicsassignment1\dm2212_framework\base\source\sceneasteroid.cpp(199): warning C4244: 'argument' : conversion from 'int' to 'float', possible loss of data
     1>h:\virus.exe(sc)\physics(y2s1)\physics assignment\tammietanshufen_141327j_physicsassignment1\dm2212_framework\base\source\sceneasteroid.cpp(207): warning C4244: 'argument' : conversion from 'int' to 'float', possible loss of data
     1>h:\virus.exe(sc)\physics(y2s1)\physics assignment\tammietanshufen_141327j_physicsassignment1\dm2212_framework\base\source\sceneasteroid.cpp(210): warning C4244: 'argument' : conversion from 'int' to 'float', possible loss of data
     1>h:\virus.exe(sc)\physics(y2s1)\physics assignment\tammietanshufen_141327j_physicsassignment1\dm2212_framework\base\source\sceneasteroid.cpp(212): warning C4244: 'argument' : conversion from 'int' to 'float', possible loss of data
     1>h:\virus.exe(sc)\physics(y2s1)\physics assignment\tammietanshufen_141327j_physicsassignment1\dm2212_framework\base\source\sceneasteroid.cpp(223): warning C4244: '+=' : conversion from 'double' to 'float', possible loss of data
     1>h:\virus.exe(sc)\physics(y2s1)\physics assignment\tammietanshufen_141327j_physicsassignment1\dm2212_framework\base\source\sceneasteroid.cpp(234): warning C4305: 'argument' : truncation from 'double' to 'float'
     1>h:\virus.exe(sc)\physics(y2s1)\physics assignment\tammietanshufen_141327j_physicsassignment1\dm2212_framework\base\source\sceneasteroid.cpp(263): warning C4244: 'argument' : conversion from 'int' to 'float', possible loss of data
     1>h:\virus.exe(sc)\physics(y2s1)\physics assignment\tammietanshufen_141327j_physicsassignment1\dm2212_framework\base\source\sceneasteroid.cpp(280): warning C4244: 'argument' : conversion from 'int' to 'float', possible loss of data
     1>h:\virus.exe(sc)\physics(y2s1)\physics assignment\tammietanshufen_141327j_physicsassignment1\dm2212_framework\base\source\sceneasteroid.cpp(283): warning C4244: 'argument' : conversion from 'int' to 'float', possible loss of data
     1>h:\virus.exe(sc)\physics(y2s1)\physics assignment\tammietanshufen_141327j_physicsassignment1\dm2212_framework\base\source\sceneasteroid.cpp(285): warning C4244: 'argument' : conversion from 'int' to 'float', possible loss of data
     1>h:\virus.exe(sc)\physics(y2s1)\physics assignment\tammietanshufen_141327j_physicsassignment1\dm2212_framework\base\source\sceneasteroid.cpp(304): warning C4244: 'argument' : conversion from 'int' to 'float', possible loss of data
     1>h:\virus.exe(sc)\physics(y2s1)\physics assignment\tammietanshufen_141327j_physicsassignment1\dm2212_framework\base\source\sceneasteroid.cpp(305): warning C4244: 'argument' : conversion from 'int' to 'float', possible loss of data
     1>h:\virus.exe(sc)\physics(y2s1)\physics assignment\tammietanshufen_141327j_physicsassignment1\dm2212_framework\base\source\sceneasteroid.cpp(344): warning C4244: 'argument' : conversion from 'double' to 'float', possible loss of data
     1>h:\virus.exe(sc)\physics(y2s1)\physics assignment\tammietanshufen_141327j_physicsassignment1\dm2212_framework\base\source\sceneasteroid.cpp(345): warning C4244: 'argument' : conversion from 'double' to 'float', possible loss of data
     1>h:\virus.exe(sc)\physics(y2s1)\physics assignment\tammietanshufen_141327j_physicsassignment1\dm2212_framework\base\source\sceneasteroid.cpp(441): warning C4244: 'argument' : conversion from 'int' to 'float', possible loss of data
     1>h:\virus.exe(sc)\physics(y2s1)\physics assignment\tammietanshufen_141327j_physicsassignment1\dm2212_framework\base\source\sceneasteroid.cpp(466): warning C4244: 'argument' : conversion from 'double' to 'float', possible loss of data
     1>h:\virus.exe(sc)\physics(y2s1)\physics assignment\tammietanshufen_141327j_physicsassignment1\dm2212_framework\base\source\sceneasteroid.cpp(572): warning C4244: 'argument' : conversion from 'int' to 'float', possible loss of data
     1>h:\virus.exe(sc)\physics(y2s1)\physics assignment\tammietanshufen_141327j_physicsassignment1\dm2212_framework\base\source\sceneasteroid.cpp(722): warning C4244: 'argument' : conversion from 'int' to 'float', possible loss of data
         MeshBuilder.cpp
         Mesh.cpp
         main.cpp
         LoadTGA.cpp
         LoadOBJ.cpp
         GameObject.cpp
         Camera.cpp
         Application.cpp
         Generating Code...
       Link:
         C:\Program Files (x86)\Microsoft Visual Studio 12.0\VC\bin\link.exe /ERRORREPORT:PROMPT /OUT:"H:\VIRUS.EXE(SC)\Physics(Y2S1)\Physics Assignment\TammieTanShuFen_141327J_PhysicsAssignment1\DM2212_Framework\Debug\Base.exe" /INCREMENTAL:NO /NOLOGO /LIBPATH:"H:\VIRUS.EXE(SC)\Physics(Y2S1)\Physics Assignment\TammieTanShuFen_141327J_PhysicsAssignment1\DM2212_Framework\Debug" /LIBPATH:"H:\VIRUS.EXE(SC)\Physics(Y2S1)\Physics Assignment\TammieTanShuFen_141327J_PhysicsAssignment1\DM2212_Framework\/glfw/lib-msvc100" /LIBPATH:"H:\VIRUS.EXE(SC)\Physics(Y2S1)\Physics Assignment\TammieTanShuFen_141327J_PhysicsAssignment1\DM2212_Framework\/glew/lib" Common.lib winmm.lib opengl32.lib glu32.lib glew32.lib glfw3.lib kernel32.lib user32.lib gdi32.lib winspool.lib comdlg32.lib advapi32.lib shell32.lib ole32.lib oleaut32.lib uuid.lib odbc32.lib odbccp32.lib /MANIFEST /MANIFESTUAC:"level='asInvoker' uiAccess='false'" /manifest:embed /DEBUG /PDB:"H:\VIRUS.EXE(SC)\Physics(Y2S1)\Physics Assignment\TammieTanShuFen_141327J_PhysicsAssignment1\DM2212_Framework\Debug\Base.pdb" /SUBSYSTEM:CONSOLE /TLBID:1 /DYNAMICBASE /NXCOMPAT /IMPLIB:"H:\VIRUS.EXE(SC)\Physics(Y2S1)\Physics Assignment\TammieTanShuFen_141327J_PhysicsAssignment1\DM2212_Framework\Debug\Base.lib" /MACHINE:X86 Debug\Application.obj
         Debug\Camera.obj
         Debug\GameObject.obj
         Debug\LoadOBJ.obj
         Debug\LoadTGA.obj
         Debug\main.obj
         Debug\Mesh.obj
         Debug\MeshBuilder.obj
         Debug\SceneAsteroid.obj
         Debug\SceneBase.obj
         Debug\shader.obj
         Debug\Utility.obj
     1>Application.obj : warning LNK4075: ignoring '/EDITANDCONTINUE' due to '/OPT:LBR' specification
     1>LINK : warning LNK4098: defaultlib 'MSVCRT' conflicts with use of other libs; use /NODEFAULTLIB:library
         Base.vcxproj -> H:\VIRUS.EXE(SC)\Physics(Y2S1)\Physics Assignment\TammieTanShuFen_141327J_PhysicsAssignment1\DM2212_Framework\Debug\Base.exe
     1>Done Building Project "H:\VIRUS.EXE(SC)\Physics(Y2S1)\Physics Assignment\TammieTanShuFen_141327J_PhysicsAssignment1\DM2212_Framework\Base\Base.vcxproj" (Rebuild target(s)).

Build succeeded.

Time Elapsed 00:00:07.97
